[ 2020-09-12T22:07:00+08:00 ] 39.162.143.186 /
INFO: [ app_init ] --START--
INFO: Run Behavior\BuildLiteBehavior [ RunTime:0.000030s ]
INFO: [ app_init ] --END-- [ RunTime:0.001169s ]
INFO: [ app_begin ] --START--
INFO: Run Behavior\ReadHtmlCacheBehavior [ RunTime:0.000773s ]
INFO: [ app_begin ] --END-- [ RunTime:0.000860s ]
SQL: SHOW COLUMNS FROM `info` [ RunTime:0.0028s ]
SQL: SELECT * FROM `info` ORDER BY id asc LIMIT 1   [ RunTime:0.0007s ]

[ 2020-09-12T22:07:00+08:00 ] 39.162.143.186 /favicon.ico
INFO: [ app_init ] --START--
INFO: Run Behavior\BuildLiteBehavior [ RunTime:0.000045s ]
INFO: [ app_init ] --END-- [ RunTime:0.001191s ]

[ 2020-09-12T22:07:14+08:00 ] 39.162.143.186 /
INFO: [ app_init ] --START--
INFO: Run Behavior\BuildLiteBehavior [ RunTime:0.000020s ]
INFO: [ app_init ] --END-- [ RunTime:0.000438s ]
INFO: [ app_begin ] --START--
INFO: Run Behavior\ReadHtmlCacheBehavior [ RunTime:0.000783s ]
INFO: [ app_begin ] --END-- [ RunTime:0.000863s ]
SQL: SHOW COLUMNS FROM `info` [ RunTime:0.0020s ]
SQL: SELECT * FROM `info` ORDER BY id asc LIMIT 1   [ RunTime:0.0004s ]

[ 2020-09-12T22:07:19+08:00 ] 39.162.143.186 /
INFO: [ app_init ] --START--
INFO: Run Behavior\BuildLiteBehavior [ RunTime:0.000031s ]
INFO: [ app_init ] --END-- [ RunTime:0.000990s ]
INFO: [ app_begin ] --START--
INFO: Run Behavior\ReadHtmlCacheBehavior [ RunTime:0.001431s ]
INFO: [ app_begin ] --END-- [ RunTime:0.001554s ]
SQL: SHOW COLUMNS FROM `info` [ RunTime:0.0028s ]
SQL: SELECT * FROM `info` ORDER BY id asc LIMIT 1   [ RunTime:0.0006s ]

[ 2020-09-12T22:07:20+08:00 ] 39.162.143.186 /mobile/index.html
INFO: [ app_init ] --START--
INFO: Run Behavior\BuildLiteBehavior [ RunTime:0.000024s ]
INFO: [ app_init ] --END-- [ RunTime:0.000576s ]
INFO: [ app_begin ] --START--
INFO: Run Behavior\ReadHtmlCacheBehavior [ RunTime:0.000726s ]
INFO: [ app_begin ] --END-- [ RunTime:0.000812s ]
SQL: SHOW COLUMNS FROM `project_class` [ RunTime:0.0016s ]
SQL: SELECT * FROM `project_class` WHERE ( add_time <= '2020-09-12 22:07:20' ) ORDER BY sort asc  [ RunTime:0.0004s ]
SQL: SHOW COLUMNS FROM `info` [ RunTime:0.0016s ]
SQL: SELECT * FROM `info` ORDER BY id asc  [ RunTime:0.0006s ]
SQL: SHOW COLUMNS FROM `item` [ RunTime:0.0018s ]
SQL: SELECT * FROM `item` WHERE ( time <= '2020-09-12 22:07:20' ) ORDER BY sort asc  [ RunTime:0.0019s ]
SQL: SELECT * FROM `info` ORDER BY id asc LIMIT 1   [ RunTime:0.0006s ]
INFO: [ view_parse ] --START--
INFO: [ template_filter ] --START--
INFO: Run Behavior\ContentReplaceBehavior [ RunTime:0.000282s ]
INFO: [ template_filter ] --END-- [ RunTime:0.000445s ]
SQL: SELECT * FROM `info` ORDER BY id asc LIMIT 1   [ RunTime:0.0008s ]
NOTIC: [8] Undefined index: uid /www/wwwroot/360ys.jahbs1.com/App/Common/Common/user.php 第 68 行.
SQL: SHOW COLUMNS FROM `user` [ RunTime:0.0017s ]
SQL: SELECT * FROM `user` WHERE ( id = '' ) ORDER BY id asc LIMIT 1   [ RunTime:0.0004s ]
SQL: SELECT * FROM `info` ORDER BY id asc LIMIT 1   [ RunTime:0.0004s ]
SQL: SHOW COLUMNS FROM `slide` [ RunTime:0.0012s ]
SQL: SELECT * FROM `slide` WHERE ( type=2 AND `show`=1 ) ORDER BY sort asc  [ RunTime:0.0004s ]
SQL: SELECT * FROM `info` ORDER BY id asc LIMIT 1   [ RunTime:0.0004s ]
SQL: SELECT * FROM `info` ORDER BY id asc LIMIT 1   [ RunTime:0.0004s ]
SQL: SELECT * FROM `info` ORDER BY id asc LIMIT 1   [ RunTime:0.0004s ]
INFO: Run Behavior\ParseTemplateBehavior [ RunTime:0.034062s ]
INFO: [ view_parse ] --END-- [ RunTime:0.034145s ]
INFO: [ view_filter ] --START--
INFO: Run Behavior\WriteHtmlCacheBehavior [ RunTime:0.000453s ]
INFO: [ view_filter ] --END-- [ RunTime:0.000508s ]
INFO: [ app_end ] --START--
INFO: Run Behavior\ShowPageTraceBehavior [ RunTime:0.000749s ]
INFO: [ app_end ] --END-- [ RunTime:0.000814s ]

[ 2020-09-12T22:07:20+08:00 ] 39.162.143.186 /Public/m/img/20.htm
INFO: [ app_init ] --START--
INFO: Run Behavior\BuildLiteBehavior [ RunTime:0.000022s ]
INFO: [ app_init ] --END-- [ RunTime:0.000511s ]
INFO: [ app_begin ] --START--
INFO: Run Behavior\ReadHtmlCacheBehavior [ RunTime:0.000624s ]
INFO: [ app_begin ] --END-- [ RunTime:0.000691s ]
ERR: 无法加载控制器:Public

[ 2020-09-12T22:07:21+08:00 ] 39.162.143.186 /Public/m/js/swiper.min.js.map
INFO: [ app_init ] --START--
INFO: Run Behavior\BuildLiteBehavior [ RunTime:0.000042s ]
INFO: [ app_init ] --END-- [ RunTime:0.001010s ]
INFO: [ app_begin ] --START--
INFO: Run Behavior\ReadHtmlCacheBehavior [ RunTime:0.001315s ]
INFO: [ app_begin ] --END-- [ RunTime:0.001465s ]
ERR: 无法加载控制器:Public

[ 2020-09-12T22:07:27+08:00 ] 39.162.143.186 /user/person.html
INFO: [ app_init ] --START--
INFO: Run Behavior\BuildLiteBehavior [ RunTime:0.000044s ]
INFO: [ app_init ] --END-- [ RunTime:0.002769s ]
INFO: [ app_begin ] --START--
INFO: Run Behavior\ReadHtmlCacheBehavior [ RunTime:0.001327s ]
INFO: [ app_begin ] --END-- [ RunTime:0.001491s ]
NOTIC: [8] Undefined index: uid /www/wwwroot/360ys.jahbs1.com/App/Common/Common/user.php 第 68 行.
SQL: SHOW COLUMNS FROM `user` [ RunTime:0.0024s ]
SQL: SELECT * FROM `user` WHERE ( id = '' ) ORDER BY id asc LIMIT 1   [ RunTime:0.0006s ]
NOTIC: [8] Undefined index: uid /www/wwwroot/360ys.jahbs1.com/App/Index/Controller/UserController.class.php 第 13 行.
SQL: SELECT * FROM `user` WHERE ( id = '' ) ORDER BY id asc LIMIT 1   [ RunTime:0.0005s ]
INFO: [ view_parse ] --START--
INFO: [ template_filter ] --START--
INFO: Run Behavior\ContentReplaceBehavior [ RunTime:0.000294s ]
INFO: [ template_filter ] --END-- [ RunTime:0.000440s ]
SQL: SHOW COLUMNS FROM `user_member` [ RunTime:0.0027s ]
SQL: SELECT * FROM `user_member` WHERE ( id='' ) ORDER BY id asc LIMIT 1   [ RunTime:0.0005s ]
SQL: SHOW COLUMNS FROM `info` [ RunTime:0.0024s ]
SQL: SELECT * FROM `info` ORDER BY id asc LIMIT 1   [ RunTime:0.0009s ]
INFO: Run Behavior\ParseTemplateBehavior [ RunTime:0.029934s ]
INFO: [ view_parse ] --END-- [ RunTime:0.030069s ]
INFO: [ view_filter ] --START--
INFO: Run Behavior\WriteHtmlCacheBehavior [ RunTime:0.000465s ]
INFO: [ view_filter ] --END-- [ RunTime:0.000552s ]
INFO: [ app_end ] --START--
INFO: Run Behavior\ShowPageTraceBehavior [ RunTime:0.000959s ]
INFO: [ app_end ] --END-- [ RunTime:0.001031s ]

[ 2020-09-12T22:07:27+08:00 ] 39.162.143.186 /mobile/login.html
INFO: [ app_init ] --START--
INFO: Run Behavior\BuildLiteBehavior [ RunTime:0.000025s ]
INFO: [ app_init ] --END-- [ RunTime:0.000602s ]
INFO: [ app_begin ] --START--
INFO: Run Behavior\ReadHtmlCacheBehavior [ RunTime:0.000655s ]
INFO: [ app_begin ] --END-- [ RunTime:0.000726s ]
INFO: [ view_parse ] --START--
INFO: [ template_filter ] --START--
INFO: Run Behavior\ContentReplaceBehavior [ RunTime:0.000093s ]
INFO: [ template_filter ] --END-- [ RunTime:0.000192s ]
INFO: Run Behavior\ParseTemplateBehavior [ RunTime:0.009316s ]
INFO: [ view_parse ] --END-- [ RunTime:0.009400s ]
INFO: [ view_filter ] --START--
INFO: Run Behavior\WriteHtmlCacheBehavior [ RunTime:0.000355s ]
INFO: [ view_filter ] --END-- [ RunTime:0.000411s ]
INFO: [ app_end ] --START--
INFO: Run Behavior\ShowPageTraceBehavior [ RunTime:0.000775s ]
INFO: [ app_end ] --END-- [ RunTime:0.000856s ]

[ 2020-09-12T22:07:28+08:00 ] 39.162.143.186 /Public/m/js/swiper.min.js.map
INFO: [ app_init ] --START--
INFO: Run Behavior\BuildLiteBehavior [ RunTime:0.000026s ]
INFO: [ app_init ] --END-- [ RunTime:0.000550s ]
INFO: [ app_begin ] --START--
INFO: Run Behavior\ReadHtmlCacheBehavior [ RunTime:0.000723s ]
INFO: [ app_begin ] --END-- [ RunTime:0.000801s ]
ERR: 无法加载控制器:Public

[ 2020-09-12T22:07:31+08:00 ] 39.162.143.186 /mobile/reg.html
INFO: [ app_init ] --START--
INFO: Run Behavior\BuildLiteBehavior [ RunTime:0.000023s ]
INFO: [ app_init ] --END-- [ RunTime:0.000484s ]
INFO: [ app_begin ] --START--
INFO: Run Behavior\ReadHtmlCacheBehavior [ RunTime:0.000629s ]
INFO: [ app_begin ] --END-- [ RunTime:0.000718s ]
SQL: SHOW COLUMNS FROM `user` [ RunTime:0.0021s ]
SQL: SELECT * FROM `user` WHERE ( id='' ) ORDER BY id asc LIMIT 1   [ RunTime:0.0005s ]
INFO: [ view_parse ] --START--
INFO: [ template_filter ] --START--
INFO: Run Behavior\ContentReplaceBehavior [ RunTime:0.000128s ]
INFO: [ template_filter ] --END-- [ RunTime:0.000258s ]
INFO: Run Behavior\ParseTemplateBehavior [ RunTime:0.019849s ]
INFO: [ view_parse ] --END-- [ RunTime:0.019965s ]
INFO: [ view_filter ] --START--
INFO: Run Behavior\WriteHtmlCacheBehavior [ RunTime:0.000396s ]
INFO: [ view_filter ] --END-- [ RunTime:0.000497s ]
INFO: [ app_end ] --START--
INFO: Run Behavior\ShowPageTraceBehavior [ RunTime:0.001019s ]
INFO: [ app_end ] --END-- [ RunTime:0.001110s ]

[ 2020-09-12T22:07:31+08:00 ] 39.162.143.186 /handle/smsRand.html
INFO: [ app_init ] --START--
INFO: Run Behavior\BuildLiteBehavior [ RunTime:0.000026s ]
INFO: [ app_init ] --END-- [ RunTime:0.000578s ]
INFO: [ app_begin ] --START--
INFO: Run Behavior\ReadHtmlCacheBehavior [ RunTime:0.000880s ]
INFO: [ app_begin ] --END-- [ RunTime:0.000970s ]

[ 2020-09-12T22:07:55+08:00 ] 39.162.143.186 /handle/zhuce.html
INFO: [ app_init ] --START--
INFO: Run Behavior\BuildLiteBehavior [ RunTime:0.000021s ]
INFO: [ app_init ] --END-- [ RunTime:0.000476s ]
INFO: [ app_begin ] --START--
INFO: Run Behavior\ReadHtmlCacheBehavior [ RunTime:0.000719s ]
INFO: [ app_begin ] --END-- [ RunTime:0.000778s ]
SQL: SHOW COLUMNS FROM `user` [ RunTime:0.0021s ]
SQL: SELECT * FROM `user` WHERE ( phone='15538803025' ) ORDER BY id asc LIMIT 1   [ RunTime:0.0005s ]
NOTIC: [8] Use of undefined constant Code - assumed 'Code' /www/wwwroot/360ys.jahbs1.com/App/Common/Common/other.php 第 62 行.
NOTIC: [8] Undefined index: InvalidAccessKeyId /www/wwwroot/360ys.jahbs1.com/App/Common/Common/other.php 第 114 行.
SQL: SHOW COLUMNS FROM `sms_list` [ RunTime:0.0022s ]
SQL: INSERT INTO `sms_list` (`phone`,`msg`,`code`,`time`) VALUES ('15538803025','短信发送失败','009#','2020-09-12 22:07:55') [ RunTime:0.0006s ]

[ 2020-09-12T22:07:55+08:00 ] 39.162.143.186 /handle/smsRand.html
INFO: [ app_init ] --START--
INFO: Run Behavior\BuildLiteBehavior [ RunTime:0.000023s ]
INFO: [ app_init ] --END-- [ RunTime:0.000536s ]
INFO: [ app_begin ] --START--
INFO: Run Behavior\ReadHtmlCacheBehavior [ RunTime:0.000684s ]
INFO: [ app_begin ] --END-- [ RunTime:0.000752s ]

