[ 2020-09-11T13:10:38+08:00 ] 119.8.45.251 /
INFO: [ app_init ] --START--
INFO: Run Behavior\BuildLiteBehavior [ RunTime:0.000050s ]
INFO: [ app_init ] --END-- [ RunTime:0.000666s ]
INFO: [ app_begin ] --START--
INFO: Run Behavior\ReadHtmlCacheBehavior [ RunTime:0.000931s ]
INFO: [ app_begin ] --END-- [ RunTime:0.001027s ]
SQL: SHOW COLUMNS FROM `info` [ RunTime:0.0021s ]
SQL: SELECT * FROM `info` ORDER BY id asc LIMIT 1   [ RunTime:0.0005s ]

[ 2020-09-11T16:03:18+08:00 ] 101.89.239.120 /
INFO: [ app_init ] --START--
INFO: Run Behavior\BuildLiteBehavior [ RunTime:0.000043s ]
INFO: [ app_init ] --END-- [ RunTime:0.001080s ]
INFO: [ app_begin ] --START--
INFO: Run Behavior\ReadHtmlCacheBehavior [ RunTime:0.001354s ]
INFO: [ app_begin ] --END-- [ RunTime:0.001495s ]
SQL: SHOW COLUMNS FROM `info` [ RunTime:0.0030s ]
SQL: SELECT * FROM `info` ORDER BY id asc LIMIT 1   [ RunTime:0.0007s ]

[ 2020-09-11T16:03:18+08:00 ] 101.89.239.120 /mobile/index.html
INFO: [ app_init ] --START--
INFO: Run Behavior\BuildLiteBehavior [ RunTime:0.000038s ]
INFO: [ app_init ] --END-- [ RunTime:0.000869s ]
INFO: [ app_begin ] --START--
INFO: Run Behavior\ReadHtmlCacheBehavior [ RunTime:0.003135s ]
INFO: [ app_begin ] --END-- [ RunTime:0.003365s ]
SQL: SHOW COLUMNS FROM `project_class` [ RunTime:0.0025s ]
SQL: SELECT * FROM `project_class` WHERE ( add_time <= '2020-09-11 16:03:18' ) ORDER BY sort asc  [ RunTime:0.0008s ]
SQL: SHOW COLUMNS FROM `info` [ RunTime:0.0035s ]
SQL: SELECT * FROM `info` ORDER BY id asc  [ RunTime:0.0007s ]
SQL: SHOW COLUMNS FROM `item` [ RunTime:0.0023s ]
SQL: SELECT * FROM `item` WHERE ( time <= '2020-09-11 16:03:18' ) ORDER BY sort asc  [ RunTime:0.0013s ]
SQL: SELECT * FROM `info` ORDER BY id asc LIMIT 1   [ RunTime:0.0006s ]
INFO: [ view_parse ] --START--
INFO: [ template_filter ] --START--
INFO: Run Behavior\ContentReplaceBehavior [ RunTime:0.000198s ]
INFO: [ template_filter ] --END-- [ RunTime:0.000314s ]
SQL: SELECT * FROM `info` ORDER BY id asc LIMIT 1   [ RunTime:0.0009s ]
NOTIC: [8] Undefined index: uid /www/wwwroot/360ys.jahbs1.com/App/Common/Common/user.php 第 68 行.
SQL: SHOW COLUMNS FROM `user` [ RunTime:0.0020s ]
SQL: SELECT * FROM `user` WHERE ( id = '' ) ORDER BY id asc LIMIT 1   [ RunTime:0.0005s ]
SQL: SELECT * FROM `info` ORDER BY id asc LIMIT 1   [ RunTime:0.0006s ]
SQL: SHOW COLUMNS FROM `slide` [ RunTime:0.0022s ]
SQL: SELECT * FROM `slide` WHERE ( type=2 AND `show`=1 ) ORDER BY sort asc  [ RunTime:0.0006s ]
SQL: SELECT * FROM `info` ORDER BY id asc LIMIT 1   [ RunTime:0.0005s ]
SQL: SELECT * FROM `info` ORDER BY id asc LIMIT 1   [ RunTime:0.0006s ]
SQL: SELECT * FROM `info` ORDER BY id asc LIMIT 1   [ RunTime:0.0005s ]
INFO: Run Behavior\ParseTemplateBehavior [ RunTime:0.045280s ]
INFO: [ view_parse ] --END-- [ RunTime:0.045376s ]
INFO: [ view_filter ] --START--
INFO: Run Behavior\WriteHtmlCacheBehavior [ RunTime:0.000528s ]
INFO: [ view_filter ] --END-- [ RunTime:0.000595s ]
INFO: [ app_end ] --START--
INFO: Run Behavior\ShowPageTraceBehavior [ RunTime:0.000841s ]
INFO: [ app_end ] --END-- [ RunTime:0.000915s ]

[ 2020-09-11T16:03:18+08:00 ] 101.89.239.120 /Public/m/img/20.htm
INFO: [ app_init ] --START--
INFO: Run Behavior\BuildLiteBehavior [ RunTime:0.000039s ]
INFO: [ app_init ] --END-- [ RunTime:0.000890s ]
INFO: [ app_begin ] --START--
INFO: Run Behavior\ReadHtmlCacheBehavior [ RunTime:0.001072s ]
INFO: [ app_begin ] --END-- [ RunTime:0.001182s ]
ERR: 无法加载控制器:Public

