[ 2020-09-09T16:08:57+08:00 ] 58.251.121.184 /
INFO: [ app_init ] --START--
INFO: Run Behavior\BuildLiteBehavior [ RunTime:0.000035s ]
INFO: [ app_init ] --END-- [ RunTime:0.000888s ]
INFO: [ app_begin ] --START--
INFO: Run Behavior\ReadHtmlCacheBehavior [ RunTime:0.001218s ]
INFO: [ app_begin ] --END-- [ RunTime:0.001337s ]
SQL: SHOW COLUMNS FROM `info` [ RunTime:0.0039s ]
SQL: SELECT * FROM `info` ORDER BY id asc LIMIT 1   [ RunTime:0.0010s ]

[ 2020-09-09T16:08:58+08:00 ] 58.251.121.184 /mobile/index.html
INFO: [ app_init ] --START--
INFO: Run Behavior\BuildLiteBehavior [ RunTime:0.000044s ]
INFO: [ app_init ] --END-- [ RunTime:0.004592s ]
INFO: [ app_begin ] --START--
INFO: Run Behavior\ReadHtmlCacheBehavior [ RunTime:0.003482s ]
INFO: [ app_begin ] --END-- [ RunTime:0.003639s ]
SQL: SHOW COLUMNS FROM `project_class` [ RunTime:0.0136s ]
SQL: SELECT * FROM `project_class` WHERE ( add_time <= '2020-09-09 16:08:57' ) ORDER BY sort asc  [ RunTime:0.0008s ]
SQL: SHOW COLUMNS FROM `info` [ RunTime:0.0030s ]
SQL: SELECT * FROM `info` ORDER BY id asc  [ RunTime:0.0008s ]
SQL: SHOW COLUMNS FROM `item` [ RunTime:0.0020s ]
SQL: SELECT * FROM `item` WHERE ( time <= '2020-09-09 16:08:57' ) ORDER BY sort asc  [ RunTime:0.0016s ]
SQL: SELECT * FROM `info` ORDER BY id asc LIMIT 1   [ RunTime:0.0008s ]
INFO: [ view_parse ] --START--
INFO: [ template_filter ] --START--
INFO: Run Behavior\ContentReplaceBehavior [ RunTime:0.000227s ]
INFO: [ template_filter ] --END-- [ RunTime:0.000370s ]
SQL: SELECT * FROM `info` ORDER BY id asc LIMIT 1   [ RunTime:0.0010s ]
NOTIC: [8] Undefined index: uid /www/wwwroot/360ys.jahbs1.com/App/Common/Common/user.php 第 68 行.
SQL: SHOW COLUMNS FROM `user` [ RunTime:0.0079s ]
SQL: SELECT * FROM `user` WHERE ( id = '' ) ORDER BY id asc LIMIT 1   [ RunTime:0.0006s ]
SQL: SELECT * FROM `info` ORDER BY id asc LIMIT 1   [ RunTime:0.0006s ]
SQL: SHOW COLUMNS FROM `slide` [ RunTime:0.0046s ]
SQL: SELECT * FROM `slide` WHERE ( type=2 AND `show`=1 ) ORDER BY sort asc  [ RunTime:0.0027s ]
SQL: SELECT * FROM `info` ORDER BY id asc LIMIT 1   [ RunTime:0.0007s ]
SQL: SELECT * FROM `info` ORDER BY id asc LIMIT 1   [ RunTime:0.0006s ]
SQL: SELECT * FROM `info` ORDER BY id asc LIMIT 1   [ RunTime:0.0006s ]
INFO: Run Behavior\ParseTemplateBehavior [ RunTime:0.054096s ]
INFO: [ view_parse ] --END-- [ RunTime:0.054223s ]
INFO: [ view_filter ] --START--
INFO: Run Behavior\WriteHtmlCacheBehavior [ RunTime:0.000712s ]
INFO: [ view_filter ] --END-- [ RunTime:0.000843s ]
INFO: [ app_end ] --START--
INFO: Run Behavior\ShowPageTraceBehavior [ RunTime:0.001244s ]
INFO: [ app_end ] --END-- [ RunTime:0.001373s ]

[ 2020-09-09T16:23:14+08:00 ] 223.166.151.197 /
INFO: [ app_init ] --START--
INFO: Run Behavior\BuildLiteBehavior [ RunTime:0.000035s ]
INFO: [ app_init ] --END-- [ RunTime:0.001074s ]
INFO: [ app_begin ] --START--
INFO: Run Behavior\ReadHtmlCacheBehavior [ RunTime:0.001264s ]
INFO: [ app_begin ] --END-- [ RunTime:0.001412s ]
SQL: SHOW COLUMNS FROM `info` [ RunTime:0.0028s ]
SQL: SELECT * FROM `info` ORDER BY id asc LIMIT 1   [ RunTime:0.0012s ]

